  [4;36;1mSQL (1.2ms)[0m   [0;1m SELECT name
 FROM sqlite_master
 WHERE type = 'table' AND NOT name = 'sqlite_sequence'
[0m
  [4;35;1mSQL (0.6ms)[0m   [0mselect sqlite_version(*)[0m
  [4;36;1mSQL (140.8ms)[0m   [0;1mCREATE TABLE "schema_migrations" ("version" varchar(255) NOT NULL) [0m
  [4;35;1mSQL (132.4ms)[0m   [0mCREATE UNIQUE INDEX "unique_schema_migrations" ON "schema_migrations" ("version")[0m
  [4;36;1mSQL (1.0ms)[0m   [0;1m SELECT name
 FROM sqlite_master
 WHERE type = 'table' AND NOT name = 'sqlite_sequence'
[0m
  [4;35;1mSQL (0.7ms)[0m   [0mSELECT version FROM schema_migrations[0m
Migrating to CreatePosts (20100311161826)
  [4;36;1mSQL (2.0ms)[0m   [0;1mCREATE TABLE "posts" ("id" INTEGER PRIMARY KEY AUTOINCREMENT NOT NULL, "title" varchar(255), "body" text, "created_at" datetime, "updated_at" datetime) [0m
  [4;35;1mSQL (0.7ms)[0m   [0mINSERT INTO schema_migrations (version) VALUES ('20100311161826')[0m
  [4;36;1mSQL (1.2ms)[0m   [0;1m SELECT name
 FROM sqlite_master
 WHERE type = 'table' AND NOT name = 'sqlite_sequence'
[0m
  [4;35;1mSQL (1.0ms)[0m   [0mSELECT version FROM schema_migrations[0m
  [4;36;1mSQL (1.4ms)[0m   [0;1m SELECT name
 FROM sqlite_master
 WHERE type = 'table' AND NOT name = 'sqlite_sequence'
[0m
  [4;35;1mSQL (0.4ms)[0m   [0mPRAGMA index_list("posts")[0m


Processing PostsController#index (for 127.0.0.1 at 2010-03-11 11:24:33) [GET]
  [4;36;1mPost Load (0.5ms)[0m   [0;1mSELECT * FROM "posts" [0m
Rendering template within layouts/application
Rendering posts/index
Completed in 161ms (View: 132, DB: 0) | 200 OK [http://localhost/posts]


Processing PostsController#new (for 127.0.0.1 at 2010-03-11 11:24:38) [GET]
Rendering template within layouts/application
Rendering posts/new
Rendered posts/_form (13.0ms)
Completed in 74ms (View: 59, DB: 0) | 200 OK [http://localhost/posts/new]


Processing PostsController#new (for 127.0.0.1 at 2010-03-11 11:25:08) [GET]
Rendering template within layouts/application
Rendering posts/new
Rendered posts/_form (15.9ms)
Completed in 63ms (View: 45, DB: 0) | 200 OK [http://localhost/posts/new]


Processing PostsController#create (for 127.0.0.1 at 2010-03-11 11:25:35) [POST]
  Parameters: {"commit"=>"Submit", "post"=>{"body"=>"\r\nTutorial: How to install/setup RSpec (and Factory Girl) in Rails\r\nApril 3rd, 2009 by Alan Carl Mitchell\r\n\r\nThis tutorial assumes that you have ruby, rails, and mysql installed on your machine. This tutorial also doesn’t explain much about RSpec or Factory Girl and will just show you a quick way to get them working in a RoR environment.\r\n\r\nCreate the Rails Project\r\nGo to your projects directory and create a rails project. Just for fun, let’s call it ‘bank’:\r\nuser@host:~$ cd projects\r\nuser@host:~/projects$ rails -d mysql bank\r\nuser@host:~/projects$ cd bank\r\nuser@host:~/projects/bank$\r\n\r\nCreate MySQL Databases\r\nGo into mysql and create the two databases that rails has set up the bank project to use:", "title"=>"asdf"}, "authenticity_token"=>"BHMClGVUhhaslusRDA0DsYpRH4AjeG8k9oDhrD7Hk+4="}
  [4;35;1mPost Create (1.3ms)[0m   [0mINSERT INTO "posts" ("created_at", "title", "body", "updated_at") VALUES('2010-03-11 16:25:35', 'asdf', '
Tutorial: How to install/setup RSpec (and Factory Girl) in Rails
April 3rd, 2009 by Alan Carl Mitchell

This tutorial assumes that you have ruby, rails, and mysql installed on your machine. This tutorial also doesn’t explain much about RSpec or Factory Girl and will just show you a quick way to get them working in a RoR environment.

Create the Rails Project
Go to your projects directory and create a rails project. Just for fun, let’s call it ‘bank’:
user@host:~$ cd projects
user@host:~/projects$ rails -d mysql bank
user@host:~/projects$ cd bank
user@host:~/projects/bank$

Create MySQL Databases
Go into mysql and create the two databases that rails has set up the bank project to use:', '2010-03-11 16:25:35')[0m
Redirected to http://localhost:3000/posts/1
Completed in 86ms (DB: 1) | 302 Found [http://localhost/posts]


Processing PostsController#show (for 127.0.0.1 at 2010-03-11 11:25:36) [GET]
  Parameters: {"id"=>"1"}
  [4;36;1mPost Load (1.2ms)[0m   [0;1mSELECT * FROM "posts" WHERE ("posts"."id" = 1) [0m
Rendering template within layouts/application
Rendering posts/show
Completed in 65ms (View: 51, DB: 1) | 200 OK [http://localhost/posts/1]


Processing PostsController#edit (for 127.0.0.1 at 2010-03-11 11:25:47) [GET]
  Parameters: {"id"=>"1"}
  [4;35;1mPost Load (1.5ms)[0m   [0mSELECT * FROM "posts" WHERE ("posts"."id" = 1) [0m
Rendering template within layouts/application
Rendering posts/edit
Rendered posts/_form (11.2ms)
Completed in 65ms (View: 49, DB: 2) | 200 OK [http://localhost/posts/1/edit]


Processing PostsController#destroy (for 127.0.0.1 at 2010-03-11 11:25:59) [DELETE]
  Parameters: {"authenticity_token"=>"BHMClGVUhhaslusRDA0DsYpRH4AjeG8k9oDhrD7Hk+4=", "id"=>"1"}
  [4;36;1mPost Load (1.5ms)[0m   [0;1mSELECT * FROM "posts" WHERE ("posts"."id" = 1) [0m
  [4;35;1mPost Destroy (1.0ms)[0m   [0mDELETE FROM "posts" WHERE "id" = 1[0m
Redirected to http://localhost:3000/posts
Completed in 96ms (DB: 2) | 302 Found [http://localhost/posts/1]


Processing PostsController#index (for 127.0.0.1 at 2010-03-11 11:25:59) [GET]
  [4;36;1mPost Load (0.7ms)[0m   [0;1mSELECT * FROM "posts" [0m
Rendering template within layouts/application
Rendering posts/index
Completed in 36ms (View: 21, DB: 1) | 200 OK [http://localhost/posts]


Processing PostsController#index (for 127.0.0.1 at 2010-03-11 11:31:20) [GET]
  [4;35;1mPost Load (0.6ms)[0m   [0mSELECT * FROM "posts" [0m
Rendering template within layouts/application
Rendering posts/index
Completed in 33ms (View: 19, DB: 1) | 200 OK [http://localhost/posts]


Processing PostsController#new (for 127.0.0.1 at 2010-03-11 11:31:22) [GET]
Rendering template within layouts/application
Rendering posts/new
Rendered posts/_form (10.8ms)
Completed in 42ms (View: 32, DB: 0) | 200 OK [http://localhost/posts/new]


Processing PostsController#create (for 127.0.0.1 at 2010-03-11 11:31:33) [POST]
  Parameters: {"commit"=>"Submit", "post"=>{"body"=>"config.gem \"thoughtbot-factory_girl\", :lib => 'factory_girl', :source => 'http://gems.github.com'\r\nconfig.gem \"rspec\", :version => '1.2.2', :lib => 'spec'\r\nconfig.gem \"rspec-rails\", :version => '1.2.2', :lib => false", "title"=>"asd"}, "authenticity_token"=>"BHMClGVUhhaslusRDA0DsYpRH4AjeG8k9oDhrD7Hk+4="}
  [4;36;1mPost Create (1.1ms)[0m   [0;1mINSERT INTO "posts" ("created_at", "title", "body", "updated_at") VALUES('2010-03-11 16:31:33', 'asd', 'config.gem "thoughtbot-factory_girl", :lib => ''factory_girl'', :source => ''http://gems.github.com''
config.gem "rspec", :version => ''1.2.2'', :lib => ''spec''
config.gem "rspec-rails", :version => ''1.2.2'', :lib => false', '2010-03-11 16:31:33')[0m
Redirected to http://localhost:3000/posts/2
Completed in 101ms (DB: 1) | 302 Found [http://localhost/posts]


Processing PostsController#show (for 127.0.0.1 at 2010-03-11 11:31:34) [GET]
  Parameters: {"id"=>"2"}
  [4;35;1mPost Load (1.0ms)[0m   [0mSELECT * FROM "posts" WHERE ("posts"."id" = 2) [0m
Rendering template within layouts/application
Rendering posts/show
Completed in 46ms (View: 34, DB: 1) | 200 OK [http://localhost/posts/2]


Processing PostsController#show (for 127.0.0.1 at 2010-03-11 11:54:20) [GET]
  Parameters: {"id"=>"2"}
  [4;36;1mPost Load (1.6ms)[0m   [0;1mSELECT * FROM "posts" WHERE ("posts"."id" = 2) [0m
Rendering template within layouts/application
Rendering posts/show
Completed in 101ms (View: 79, DB: 2) | 200 OK [http://localhost/posts/2]


Processing PostsController#index (for 127.0.0.1 at 2010-03-11 11:54:26) [GET]
  [4;35;1mPost Load (1.2ms)[0m   [0mSELECT * FROM "posts" [0m
Rendering template within layouts/application
Rendering posts/index
Completed in 50ms (View: 33, DB: 1) | 200 OK [http://localhost/posts]


Processing ApplicationController#index (for 127.0.0.1 at 2010-03-11 11:56:21) [GET]

NameError (uninitialized constant Company):
  app/controllers/posts_controller.rb:3
  /usr/lib/ruby/1.8/webrick/httpserver.rb:104:in `service'
  /usr/lib/ruby/1.8/webrick/httpserver.rb:65:in `run'
  /usr/lib/ruby/1.8/webrick/server.rb:173:in `start_thread'
  /usr/lib/ruby/1.8/webrick/server.rb:162:in `start'
  /usr/lib/ruby/1.8/webrick/server.rb:162:in `start_thread'
  /usr/lib/ruby/1.8/webrick/server.rb:95:in `start'
  /usr/lib/ruby/1.8/webrick/server.rb:92:in `each'
  /usr/lib/ruby/1.8/webrick/server.rb:92:in `start'
  /usr/lib/ruby/1.8/webrick/server.rb:23:in `start'
  /usr/lib/ruby/1.8/webrick/server.rb:82:in `start'

Rendered rescues/_trace (276.8ms)
Rendered rescues/_request_and_response (4.3ms)
Rendering rescues/layout (internal_server_error)


Processing ApplicationController#index (for 127.0.0.1 at 2010-03-11 11:58:11) [GET]

NameError (uninitialized constant Company):
  app/controllers/posts_controller.rb:3
  /usr/lib/ruby/1.8/webrick/httpserver.rb:104:in `service'
  /usr/lib/ruby/1.8/webrick/httpserver.rb:65:in `run'
  /usr/lib/ruby/1.8/webrick/server.rb:173:in `start_thread'
  /usr/lib/ruby/1.8/webrick/server.rb:162:in `start'
  /usr/lib/ruby/1.8/webrick/server.rb:162:in `start_thread'
  /usr/lib/ruby/1.8/webrick/server.rb:95:in `start'
  /usr/lib/ruby/1.8/webrick/server.rb:92:in `each'
  /usr/lib/ruby/1.8/webrick/server.rb:92:in `start'
  /usr/lib/ruby/1.8/webrick/server.rb:23:in `start'
  /usr/lib/ruby/1.8/webrick/server.rb:82:in `start'

Rendered rescues/_trace (140.4ms)
Rendered rescues/_request_and_response (1.2ms)
Rendering rescues/layout (internal_server_error)


Processing ApplicationController#index (for 127.0.0.1 at 2010-03-11 11:58:12) [GET]

NameError (uninitialized constant Company):
  app/controllers/posts_controller.rb:3
  /usr/lib/ruby/1.8/webrick/httpserver.rb:104:in `service'
  /usr/lib/ruby/1.8/webrick/httpserver.rb:65:in `run'
  /usr/lib/ruby/1.8/webrick/server.rb:173:in `start_thread'
  /usr/lib/ruby/1.8/webrick/server.rb:162:in `start'
  /usr/lib/ruby/1.8/webrick/server.rb:162:in `start_thread'
  /usr/lib/ruby/1.8/webrick/server.rb:95:in `start'
  /usr/lib/ruby/1.8/webrick/server.rb:92:in `each'
  /usr/lib/ruby/1.8/webrick/server.rb:92:in `start'
  /usr/lib/ruby/1.8/webrick/server.rb:23:in `start'
  /usr/lib/ruby/1.8/webrick/server.rb:82:in `start'

Rendered rescues/_trace (275.2ms)
Rendered rescues/_request_and_response (1.1ms)
Rendering rescues/layout (internal_server_error)


Processing PostsController#index (for 127.0.0.1 at 2010-03-11 11:59:33) [GET]
  [4;36;1mSQL (0.7ms)[0m   [0;1mSELECT count(*) AS count_all FROM "posts" [0m
  [4;35;1mPost Load (0.9ms)[0m   [0mSELECT "posts".* FROM "posts" ORDER BY "posts"."id" ASC LIMIT 15 OFFSET 0[0m

ActionView::MissingTemplate (Missing template admin.erb in view path vendor/plugins/active_scaffold/frontends/default/views):
  /usr/lib/ruby/1.8/webrick/httpserver.rb:104:in `service'
  /usr/lib/ruby/1.8/webrick/httpserver.rb:65:in `run'
  /usr/lib/ruby/1.8/webrick/server.rb:173:in `start_thread'
  /usr/lib/ruby/1.8/webrick/server.rb:162:in `start'
  /usr/lib/ruby/1.8/webrick/server.rb:162:in `start_thread'
  /usr/lib/ruby/1.8/webrick/server.rb:95:in `start'
  /usr/lib/ruby/1.8/webrick/server.rb:92:in `each'
  /usr/lib/ruby/1.8/webrick/server.rb:92:in `start'
  /usr/lib/ruby/1.8/webrick/server.rb:23:in `start'
  /usr/lib/ruby/1.8/webrick/server.rb:82:in `start'

Rendering rescues/layout (internal_server_error)


Processing PostsController#index (for 127.0.0.1 at 2010-03-11 12:00:30) [GET]
  [4;36;1mSQL (0.7ms)[0m   [0;1mSELECT count(*) AS count_all FROM "posts" [0m
  [4;35;1mPost Load (1.5ms)[0m   [0mSELECT "posts".* FROM "posts" ORDER BY "posts"."id" ASC LIMIT 15 OFFSET 0[0m

ActionView::MissingTemplate (Missing template default.erb in view path vendor/plugins/active_scaffold/frontends/default/views):
  /usr/lib/ruby/1.8/webrick/httpserver.rb:104:in `service'
  /usr/lib/ruby/1.8/webrick/httpserver.rb:65:in `run'
  /usr/lib/ruby/1.8/webrick/server.rb:173:in `start_thread'
  /usr/lib/ruby/1.8/webrick/server.rb:162:in `start'
  /usr/lib/ruby/1.8/webrick/server.rb:162:in `start_thread'
  /usr/lib/ruby/1.8/webrick/server.rb:95:in `start'
  /usr/lib/ruby/1.8/webrick/server.rb:92:in `each'
  /usr/lib/ruby/1.8/webrick/server.rb:92:in `start'
  /usr/lib/ruby/1.8/webrick/server.rb:23:in `start'
  /usr/lib/ruby/1.8/webrick/server.rb:82:in `start'

Rendering rescues/layout (internal_server_error)


Processing PostsController#index (for 127.0.0.1 at 2010-03-11 12:00:31) [GET]
  [4;36;1mSQL (0.8ms)[0m   [0;1mSELECT count(*) AS count_all FROM "posts" [0m
  [4;35;1mPost Load (1.0ms)[0m   [0mSELECT "posts".* FROM "posts" ORDER BY "posts"."id" ASC LIMIT 15 OFFSET 0[0m

ActionView::MissingTemplate (Missing template default.erb in view path vendor/plugins/active_scaffold/frontends/default/views):
  /usr/lib/ruby/1.8/webrick/httpserver.rb:104:in `service'
  /usr/lib/ruby/1.8/webrick/httpserver.rb:65:in `run'
  /usr/lib/ruby/1.8/webrick/server.rb:173:in `start_thread'
  /usr/lib/ruby/1.8/webrick/server.rb:162:in `start'
  /usr/lib/ruby/1.8/webrick/server.rb:162:in `start_thread'
  /usr/lib/ruby/1.8/webrick/server.rb:95:in `start'
  /usr/lib/ruby/1.8/webrick/server.rb:92:in `each'
  /usr/lib/ruby/1.8/webrick/server.rb:92:in `start'
  /usr/lib/ruby/1.8/webrick/server.rb:23:in `start'
  /usr/lib/ruby/1.8/webrick/server.rb:82:in `start'

Rendering rescues/layout (internal_server_error)


Processing PostsController#index (for 127.0.0.1 at 2010-03-11 12:02:17) [GET]
  [4;36;1mSQL (0.8ms)[0m   [0;1mSELECT count(*) AS count_all FROM "posts" [0m
  [4;35;1mPost Load (1.2ms)[0m   [0mSELECT "posts".* FROM "posts" ORDER BY "posts"."id" ASC LIMIT 15 OFFSET 0[0m

ActionView::MissingTemplate (Missing template default.erb in view path vendor/plugins/active_scaffold/frontends/default/views):
  /usr/lib/ruby/1.8/webrick/httpserver.rb:104:in `service'
  /usr/lib/ruby/1.8/webrick/httpserver.rb:65:in `run'
  /usr/lib/ruby/1.8/webrick/server.rb:173:in `start_thread'
  /usr/lib/ruby/1.8/webrick/server.rb:162:in `start'
  /usr/lib/ruby/1.8/webrick/server.rb:162:in `start_thread'
  /usr/lib/ruby/1.8/webrick/server.rb:95:in `start'
  /usr/lib/ruby/1.8/webrick/server.rb:92:in `each'
  /usr/lib/ruby/1.8/webrick/server.rb:92:in `start'
  /usr/lib/ruby/1.8/webrick/server.rb:23:in `start'
  /usr/lib/ruby/1.8/webrick/server.rb:82:in `start'

Rendering rescues/layout (internal_server_error)


Processing PostsController#index (for 127.0.0.1 at 2010-03-11 12:02:18) [GET]
  [4;36;1mSQL (0.8ms)[0m   [0;1mSELECT count(*) AS count_all FROM "posts" [0m
  [4;35;1mPost Load (1.0ms)[0m   [0mSELECT "posts".* FROM "posts" ORDER BY "posts"."id" ASC LIMIT 15 OFFSET 0[0m

ActionView::MissingTemplate (Missing template default.erb in view path vendor/plugins/active_scaffold/frontends/default/views):
  /usr/lib/ruby/1.8/webrick/httpserver.rb:104:in `service'
  /usr/lib/ruby/1.8/webrick/httpserver.rb:65:in `run'
  /usr/lib/ruby/1.8/webrick/server.rb:173:in `start_thread'
  /usr/lib/ruby/1.8/webrick/server.rb:162:in `start'
  /usr/lib/ruby/1.8/webrick/server.rb:162:in `start_thread'
  /usr/lib/ruby/1.8/webrick/server.rb:95:in `start'
  /usr/lib/ruby/1.8/webrick/server.rb:92:in `each'
  /usr/lib/ruby/1.8/webrick/server.rb:92:in `start'
  /usr/lib/ruby/1.8/webrick/server.rb:23:in `start'
  /usr/lib/ruby/1.8/webrick/server.rb:82:in `start'

Rendering rescues/layout (internal_server_error)


Processing PostsController#index (for 127.0.0.1 at 2010-03-11 12:02:28) [GET]
  [4;36;1mSQL (0.7ms)[0m   [0;1mSELECT count(*) AS count_all FROM "posts" [0m
  [4;35;1mPost Load (0.9ms)[0m   [0mSELECT "posts".* FROM "posts" ORDER BY "posts"."id" ASC LIMIT 15 OFFSET 0[0m

ActionView::MissingTemplate (Missing template default.erb in view path vendor/plugins/active_scaffold/frontends/default/views):
  /usr/lib/ruby/1.8/webrick/httpserver.rb:104:in `service'
  /usr/lib/ruby/1.8/webrick/httpserver.rb:65:in `run'
  /usr/lib/ruby/1.8/webrick/server.rb:173:in `start_thread'
  /usr/lib/ruby/1.8/webrick/server.rb:162:in `start'
  /usr/lib/ruby/1.8/webrick/server.rb:162:in `start_thread'
  /usr/lib/ruby/1.8/webrick/server.rb:95:in `start'
  /usr/lib/ruby/1.8/webrick/server.rb:92:in `each'
  /usr/lib/ruby/1.8/webrick/server.rb:92:in `start'
  /usr/lib/ruby/1.8/webrick/server.rb:23:in `start'
  /usr/lib/ruby/1.8/webrick/server.rb:82:in `start'

Rendering rescues/layout (internal_server_error)


Processing PostsController#index (for 127.0.0.1 at 2010-03-11 12:02:29) [GET]
  [4;36;1mSQL (0.7ms)[0m   [0;1mSELECT count(*) AS count_all FROM "posts" [0m
  [4;35;1mPost Load (1.4ms)[0m   [0mSELECT "posts".* FROM "posts" ORDER BY "posts"."id" ASC LIMIT 15 OFFSET 0[0m

ActionView::MissingTemplate (Missing template default.erb in view path vendor/plugins/active_scaffold/frontends/default/views):
  /usr/lib/ruby/1.8/webrick/httpserver.rb:104:in `service'
  /usr/lib/ruby/1.8/webrick/httpserver.rb:65:in `run'
  /usr/lib/ruby/1.8/webrick/server.rb:173:in `start_thread'
  /usr/lib/ruby/1.8/webrick/server.rb:162:in `start'
  /usr/lib/ruby/1.8/webrick/server.rb:162:in `start_thread'
  /usr/lib/ruby/1.8/webrick/server.rb:95:in `start'
  /usr/lib/ruby/1.8/webrick/server.rb:92:in `each'
  /usr/lib/ruby/1.8/webrick/server.rb:92:in `start'
  /usr/lib/ruby/1.8/webrick/server.rb:23:in `start'
  /usr/lib/ruby/1.8/webrick/server.rb:82:in `start'

Rendering rescues/layout (internal_server_error)


Processing PostsController#index (for 127.0.0.1 at 2010-03-11 12:02:43) [GET]
  [4;36;1mSQL (0.7ms)[0m   [0;1mSELECT count(*) AS count_all FROM "posts" [0m
  [4;35;1mPost Load (1.0ms)[0m   [0mSELECT "posts".* FROM "posts" ORDER BY "posts"."id" ASC LIMIT 15 OFFSET 0[0m

ActionView::MissingTemplate (Missing template defaults.erb in view path vendor/plugins/active_scaffold/frontends/default/views):
  /usr/lib/ruby/1.8/webrick/httpserver.rb:104:in `service'
  /usr/lib/ruby/1.8/webrick/httpserver.rb:65:in `run'
  /usr/lib/ruby/1.8/webrick/server.rb:173:in `start_thread'
  /usr/lib/ruby/1.8/webrick/server.rb:162:in `start'
  /usr/lib/ruby/1.8/webrick/server.rb:162:in `start_thread'
  /usr/lib/ruby/1.8/webrick/server.rb:95:in `start'
  /usr/lib/ruby/1.8/webrick/server.rb:92:in `each'
  /usr/lib/ruby/1.8/webrick/server.rb:92:in `start'
  /usr/lib/ruby/1.8/webrick/server.rb:23:in `start'
  /usr/lib/ruby/1.8/webrick/server.rb:82:in `start'

Rendering rescues/layout (internal_server_error)


Processing PostsController#index (for 127.0.0.1 at 2010-03-11 12:02:44) [GET]
  [4;36;1mSQL (1.0ms)[0m   [0;1mSELECT count(*) AS count_all FROM "posts" [0m
  [4;35;1mPost Load (1.0ms)[0m   [0mSELECT "posts".* FROM "posts" ORDER BY "posts"."id" ASC LIMIT 15 OFFSET 0[0m

ActionView::MissingTemplate (Missing template defaults.erb in view path vendor/plugins/active_scaffold/frontends/default/views):
  /usr/lib/ruby/1.8/webrick/httpserver.rb:104:in `service'
  /usr/lib/ruby/1.8/webrick/httpserver.rb:65:in `run'
  /usr/lib/ruby/1.8/webrick/server.rb:173:in `start_thread'
  /usr/lib/ruby/1.8/webrick/server.rb:162:in `start'
  /usr/lib/ruby/1.8/webrick/server.rb:162:in `start_thread'
  /usr/lib/ruby/1.8/webrick/server.rb:95:in `start'
  /usr/lib/ruby/1.8/webrick/server.rb:92:in `each'
  /usr/lib/ruby/1.8/webrick/server.rb:92:in `start'
  /usr/lib/ruby/1.8/webrick/server.rb:23:in `start'
  /usr/lib/ruby/1.8/webrick/server.rb:82:in `start'

Rendering rescues/layout (internal_server_error)


Processing PostsController#index (for 127.0.0.1 at 2010-03-11 12:04:16) [GET]
  [4;36;1mSQL (0.7ms)[0m   [0;1mSELECT count(*) AS count_all FROM "posts" [0m
  [4;35;1mPost Load (1.1ms)[0m   [0mSELECT "posts".* FROM "posts" ORDER BY "posts"."id" ASC LIMIT 15 OFFSET 0[0m

ActionView::MissingTemplate (Missing template default.erb in view path vendor/plugins/active_scaffold/frontends/default/views):
  /usr/lib/ruby/1.8/webrick/httpserver.rb:104:in `service'
  /usr/lib/ruby/1.8/webrick/httpserver.rb:65:in `run'
  /usr/lib/ruby/1.8/webrick/server.rb:173:in `start_thread'
  /usr/lib/ruby/1.8/webrick/server.rb:162:in `start'
  /usr/lib/ruby/1.8/webrick/server.rb:162:in `start_thread'
  /usr/lib/ruby/1.8/webrick/server.rb:95:in `start'
  /usr/lib/ruby/1.8/webrick/server.rb:92:in `each'
  /usr/lib/ruby/1.8/webrick/server.rb:92:in `start'
  /usr/lib/ruby/1.8/webrick/server.rb:23:in `start'
  /usr/lib/ruby/1.8/webrick/server.rb:82:in `start'

Rendering rescues/layout (internal_server_error)


Processing PostsController#index (for 127.0.0.1 at 2010-03-11 12:07:01) [GET]
  [4;36;1mSQL (0.9ms)[0m   [0;1mSELECT count(*) AS count_all FROM "posts" [0m
  [4;35;1mPost Load (0.9ms)[0m   [0mSELECT "posts".* FROM "posts" ORDER BY "posts"."id" ASC LIMIT 15 OFFSET 0[0m

ActionView::MissingTemplate (Missing template default.erb in view path vendor/plugins/active_scaffold/frontends/default/views):
  /usr/lib/ruby/1.8/webrick/httpserver.rb:104:in `service'
  /usr/lib/ruby/1.8/webrick/httpserver.rb:65:in `run'
  /usr/lib/ruby/1.8/webrick/server.rb:173:in `start_thread'
  /usr/lib/ruby/1.8/webrick/server.rb:162:in `start'
  /usr/lib/ruby/1.8/webrick/server.rb:162:in `start_thread'
  /usr/lib/ruby/1.8/webrick/server.rb:95:in `start'
  /usr/lib/ruby/1.8/webrick/server.rb:92:in `each'
  /usr/lib/ruby/1.8/webrick/server.rb:92:in `start'
  /usr/lib/ruby/1.8/webrick/server.rb:23:in `start'
  /usr/lib/ruby/1.8/webrick/server.rb:82:in `start'

Rendering rescues/layout (internal_server_error)


Processing PostsController#index (for 127.0.0.1 at 2010-03-11 12:07:02) [GET]
  [4;36;1mSQL (1.1ms)[0m   [0;1mSELECT count(*) AS count_all FROM "posts" [0m
  [4;35;1mPost Load (0.9ms)[0m   [0mSELECT "posts".* FROM "posts" ORDER BY "posts"."id" ASC LIMIT 15 OFFSET 0[0m

ActionView::MissingTemplate (Missing template default.erb in view path vendor/plugins/active_scaffold/frontends/default/views):
  /usr/lib/ruby/1.8/webrick/httpserver.rb:104:in `service'
  /usr/lib/ruby/1.8/webrick/httpserver.rb:65:in `run'
  /usr/lib/ruby/1.8/webrick/server.rb:173:in `start_thread'
  /usr/lib/ruby/1.8/webrick/server.rb:162:in `start'
  /usr/lib/ruby/1.8/webrick/server.rb:162:in `start_thread'
  /usr/lib/ruby/1.8/webrick/server.rb:95:in `start'
  /usr/lib/ruby/1.8/webrick/server.rb:92:in `each'
  /usr/lib/ruby/1.8/webrick/server.rb:92:in `start'
  /usr/lib/ruby/1.8/webrick/server.rb:23:in `start'
  /usr/lib/ruby/1.8/webrick/server.rb:82:in `start'

Rendering rescues/layout (internal_server_error)


Processing PostsController#index (for 127.0.0.1 at 2010-03-11 12:08:30) [GET]
  [4;36;1mSQL (0.7ms)[0m   [0;1mSELECT count(*) AS count_all FROM "posts" [0m
  [4;35;1mPost Load (1.1ms)[0m   [0mSELECT "posts".* FROM "posts" ORDER BY "posts"."id" ASC LIMIT 15 OFFSET 0[0m
Rendering template within layouts/admin
Rendering list
Rendered _list_header (18.7ms)
Rendered _list_column_headings (60.1ms)
Rendered _messages (3.1ms)
Rendered _list_record_columns (245.7ms)
Rendered _list_actions (42.5ms)
Rendered _list_record (457.8ms)
Rendered _list (577.0ms)
Completed in 764ms (View: 741, DB: 2) | 200 OK [http://localhost/posts]


Processing PostsController#destroy (for 127.0.0.1 at 2010-03-11 12:08:41) [DELETE]
  Parameters: {"authenticity_token"=>"BHMClGVUhhaslusRDA0DsYpRH4AjeG8k9oDhrD7Hk+4=", "id"=>"2"}
  [4;36;1mPost Load (1.6ms)[0m   [0;1mSELECT * FROM "posts" WHERE ("posts"."id" = 2) [0m
  [4;35;1mPost Destroy (1.0ms)[0m   [0mDELETE FROM "posts" WHERE "id" = 2[0m
Rendering destroy
Rendered _messages (3.3ms)
Completed in 306ms (View: 99, DB: 3) | 200 OK [http://localhost/posts/destroy/2?_method=delete&authenticity_token=BHMClGVUhhaslusRDA0DsYpRH4AjeG8k9oDhrD7Hk%2B4%3D]


Processing PostsController#index (for 127.0.0.1 at 2010-03-11 12:08:41) [GET]
  Parameters: {"page"=>"1"}
  [4;36;1mSQL (0.7ms)[0m   [0;1mSELECT count(*) AS count_all FROM "posts" [0m
  [4;35;1mPost Load (0.5ms)[0m   [0mSELECT "posts".* FROM "posts" ORDER BY "posts"."id" ASC LIMIT 15 OFFSET 0[0m
  [4;36;1mCACHE (0.0ms)[0m   [0;1mSELECT "posts".* FROM "posts" ORDER BY "posts"."id" ASC LIMIT 15 OFFSET 0[0m
Rendering list
Rendered _list_column_headings (65.9ms)
Rendered _messages (5.0ms)
Rendered _list (112.5ms)
Completed in 220ms (View: 197, DB: 1) | 200 OK [http://localhost/posts?page=1]


Processing PostsController#new (for 127.0.0.1 at 2010-03-11 12:08:43) [GET]
  Parameters: {"adapter"=>"_list_inline_adapter"}

ActionView::TemplateError (Called id for nil, which would mistakenly be 4 -- if you really wanted the id of nil, use object_id) on line #1 of app/views/posts/_form.html.erb:
1: <% form_for @post do |f| %>
2:   <%= f.error_messages %>
3:   <p>
4:     <%= f.label :title %><br />

    app/views/posts/_form.html.erb:1
    vendor/plugins/active_scaffold/frontends/default/views/_create_form.html.erb:41
    /usr/lib/ruby/1.8/webrick/httpserver.rb:104:in `service'
    /usr/lib/ruby/1.8/webrick/httpserver.rb:65:in `run'
    /usr/lib/ruby/1.8/webrick/server.rb:173:in `start_thread'
    /usr/lib/ruby/1.8/webrick/server.rb:162:in `start'
    /usr/lib/ruby/1.8/webrick/server.rb:162:in `start_thread'
    /usr/lib/ruby/1.8/webrick/server.rb:95:in `start'
    /usr/lib/ruby/1.8/webrick/server.rb:92:in `each'
    /usr/lib/ruby/1.8/webrick/server.rb:92:in `start'
    /usr/lib/ruby/1.8/webrick/server.rb:23:in `start'
    /usr/lib/ruby/1.8/webrick/server.rb:82:in `start'

Rendered rescues/_trace (258.0ms)
Rendered rescues/_request_and_response (1.3ms)
Rendering rescues/layout (internal_server_error)


Processing PostsController#new (for 127.0.0.1 at 2010-03-11 12:08:56) [GET]
  Parameters: {"adapter"=>"_list_inline_adapter"}

ActionView::TemplateError (Called id for nil, which would mistakenly be 4 -- if you really wanted the id of nil, use object_id) on line #1 of app/views/posts/_form.html.erb:
1: <% form_for @post do |f| %>
2:   <%= f.error_messages %>
3:   <p>
4:     <%= f.label :title %><br />

    app/views/posts/_form.html.erb:1
    vendor/plugins/active_scaffold/frontends/default/views/_create_form.html.erb:41
    /usr/lib/ruby/1.8/webrick/httpserver.rb:104:in `service'
    /usr/lib/ruby/1.8/webrick/httpserver.rb:65:in `run'
    /usr/lib/ruby/1.8/webrick/server.rb:173:in `start_thread'
    /usr/lib/ruby/1.8/webrick/server.rb:162:in `start'
    /usr/lib/ruby/1.8/webrick/server.rb:162:in `start_thread'
    /usr/lib/ruby/1.8/webrick/server.rb:95:in `start'
    /usr/lib/ruby/1.8/webrick/server.rb:92:in `each'
    /usr/lib/ruby/1.8/webrick/server.rb:92:in `start'
    /usr/lib/ruby/1.8/webrick/server.rb:23:in `start'
    /usr/lib/ruby/1.8/webrick/server.rb:82:in `start'

Rendered rescues/_trace (309.5ms)
Rendered rescues/_request_and_response (1.6ms)
Rendering rescues/layout (internal_server_error)


Processing PostsController#index (for 127.0.0.1 at 2010-03-11 12:14:30) [GET]
  [4;36;1mSQL (1.0ms)[0m   [0;1mSELECT count(*) AS count_all FROM "posts" [0m
  [4;35;1mPost Load (0.5ms)[0m   [0mSELECT "posts".* FROM "posts" ORDER BY "posts"."id" ASC LIMIT 15 OFFSET 0[0m
  [4;36;1mCACHE (0.0ms)[0m   [0;1mSELECT "posts".* FROM "posts" ORDER BY "posts"."id" ASC LIMIT 15 OFFSET 0[0m
Rendering template within layouts/admin
Rendering list
Rendered _list_header (53.4ms)
Rendered _list_column_headings (58.4ms)
Rendered _messages (3.1ms)
Rendered _list (105.6ms)
Completed in 315ms (View: 292, DB: 2) | 200 OK [http://localhost/posts]


Processing PostsController#new (for 127.0.0.1 at 2010-03-11 12:14:34) [GET]
  Parameters: {"adapter"=>"_list_inline_adapter"}

ActionView::TemplateError (Called id for nil, which would mistakenly be 4 -- if you really wanted the id of nil, use object_id) on line #1 of app/views/posts/_form.html.erb:
1: <% form_for @post do |f| %>
2:   <%= f.error_messages %>
3:   <p>
4:     <%= f.label :title %><br />

    app/views/posts/_form.html.erb:1
    vendor/plugins/active_scaffold/frontends/default/views/_create_form.html.erb:41
    /usr/lib/ruby/1.8/webrick/httpserver.rb:104:in `service'
    /usr/lib/ruby/1.8/webrick/httpserver.rb:65:in `run'
    /usr/lib/ruby/1.8/webrick/server.rb:173:in `start_thread'
    /usr/lib/ruby/1.8/webrick/server.rb:162:in `start'
    /usr/lib/ruby/1.8/webrick/server.rb:162:in `start_thread'
    /usr/lib/ruby/1.8/webrick/server.rb:95:in `start'
    /usr/lib/ruby/1.8/webrick/server.rb:92:in `each'
    /usr/lib/ruby/1.8/webrick/server.rb:92:in `start'
    /usr/lib/ruby/1.8/webrick/server.rb:23:in `start'
    /usr/lib/ruby/1.8/webrick/server.rb:82:in `start'

Rendered rescues/_trace (379.5ms)
Rendered rescues/_request_and_response (5.9ms)
Rendering rescues/layout (internal_server_error)


Processing PostsController#show (for 127.0.0.1 at 2010-03-11 12:14:40) [GET]
  Parameters: {"adapter"=>"_list_inline_adapter", "id"=>"show_search"}
  [4;35;1mPost Load (0.5ms)[0m   [0mSELECT * FROM "posts" WHERE ("posts"."id" = 0) [0m

ActiveRecord::RecordNotFound (Couldn't find Post with ID=show_search):
  /usr/lib/ruby/1.8/webrick/httpserver.rb:104:in `service'
  /usr/lib/ruby/1.8/webrick/httpserver.rb:65:in `run'
  /usr/lib/ruby/1.8/webrick/server.rb:173:in `start_thread'
  /usr/lib/ruby/1.8/webrick/server.rb:162:in `start'
  /usr/lib/ruby/1.8/webrick/server.rb:162:in `start_thread'
  /usr/lib/ruby/1.8/webrick/server.rb:95:in `start'
  /usr/lib/ruby/1.8/webrick/server.rb:92:in `each'
  /usr/lib/ruby/1.8/webrick/server.rb:92:in `start'
  /usr/lib/ruby/1.8/webrick/server.rb:23:in `start'
  /usr/lib/ruby/1.8/webrick/server.rb:82:in `start'

Rendered rescues/_trace (130.1ms)
Rendered rescues/_request_and_response (1.3ms)
Rendering rescues/layout (not_found)


Processing PostsController#new (for 127.0.0.1 at 2010-03-11 12:17:16) [GET]
  Parameters: {"adapter"=>"_list_inline_adapter"}

ActionView::TemplateError (Called id for nil, which would mistakenly be 4 -- if you really wanted the id of nil, use object_id) on line #1 of app/views/posts/_form.html.erb:
1: <% form_for @post do |f| %>
2:   <%= f.error_messages %>
3:   <p>
4:     <%= f.label :title %><br />

    app/views/posts/_form.html.erb:1
    vendor/plugins/active_scaffold/frontends/default/views/_create_form.html.erb:41
    /usr/lib/ruby/1.8/webrick/httpserver.rb:104:in `service'
    /usr/lib/ruby/1.8/webrick/httpserver.rb:65:in `run'
    /usr/lib/ruby/1.8/webrick/server.rb:173:in `start_thread'
    /usr/lib/ruby/1.8/webrick/server.rb:162:in `start'
    /usr/lib/ruby/1.8/webrick/server.rb:162:in `start_thread'
    /usr/lib/ruby/1.8/webrick/server.rb:95:in `start'
    /usr/lib/ruby/1.8/webrick/server.rb:92:in `each'
    /usr/lib/ruby/1.8/webrick/server.rb:92:in `start'
    /usr/lib/ruby/1.8/webrick/server.rb:23:in `start'
    /usr/lib/ruby/1.8/webrick/server.rb:82:in `start'

Rendered rescues/_trace (250.2ms)
Rendered rescues/_request_and_response (1.5ms)
Rendering rescues/layout (internal_server_error)


Processing ApplicationController#index (for 127.0.0.1 at 2010-03-11 12:18:55) [GET]

SyntaxError (/home/imperator/projects/adah_blog/app/controllers/posts_controller.rb:48: syntax error, unexpected kEND, expecting $end):
  /usr/lib/ruby/1.8/webrick/httpserver.rb:104:in `service'
  /usr/lib/ruby/1.8/webrick/httpserver.rb:65:in `run'
  /usr/lib/ruby/1.8/webrick/server.rb:173:in `start_thread'
  /usr/lib/ruby/1.8/webrick/server.rb:162:in `start'
  /usr/lib/ruby/1.8/webrick/server.rb:162:in `start_thread'
  /usr/lib/ruby/1.8/webrick/server.rb:95:in `start'
  /usr/lib/ruby/1.8/webrick/server.rb:92:in `each'
  /usr/lib/ruby/1.8/webrick/server.rb:92:in `start'
  /usr/lib/ruby/1.8/webrick/server.rb:23:in `start'
  /usr/lib/ruby/1.8/webrick/server.rb:82:in `start'

Rendered rescues/_trace (122.6ms)
Rendered rescues/_request_and_response (1.0ms)
Rendering rescues/layout (internal_server_error)


Processing PostsController#index (for 127.0.0.1 at 2010-03-11 12:19:09) [GET]
  [4;36;1mSQL (0.9ms)[0m   [0;1m SELECT name
 FROM sqlite_master
 WHERE type = 'table' AND NOT name = 'sqlite_sequence'
[0m
  [4;35;1mSQL (0.8ms)[0m   [0m SELECT name
 FROM sqlite_master
 WHERE type = 'table' AND NOT name = 'sqlite_sequence'
[0m
  [4;36;1mSQL (0.8ms)[0m   [0;1m SELECT name
 FROM sqlite_master
 WHERE type = 'table' AND NOT name = 'sqlite_sequence'
[0m
  [4;35;1mSQL (0.8ms)[0m   [0m SELECT name
 FROM sqlite_master
 WHERE type = 'table' AND NOT name = 'sqlite_sequence'
[0m
  [4;36;1mSQL (0.8ms)[0m   [0;1m SELECT name
 FROM sqlite_master
 WHERE type = 'table' AND NOT name = 'sqlite_sequence'
[0m
  [4;35;1mSQL (0.8ms)[0m   [0m SELECT name
 FROM sqlite_master
 WHERE type = 'table' AND NOT name = 'sqlite_sequence'
[0m
  [4;36;1mSQL (1.0ms)[0m   [0;1m SELECT name
 FROM sqlite_master
 WHERE type = 'table' AND NOT name = 'sqlite_sequence'
[0m
  [4;35;1mSQL (0.9ms)[0m   [0m SELECT name
 FROM sqlite_master
 WHERE type = 'table' AND NOT name = 'sqlite_sequence'
[0m
  [4;36;1mSQL (0.8ms)[0m   [0;1m SELECT name
 FROM sqlite_master
 WHERE type = 'table' AND NOT name = 'sqlite_sequence'
[0m
  [4;35;1mSQL (0.9ms)[0m   [0m SELECT name
 FROM sqlite_master
 WHERE type = 'table' AND NOT name = 'sqlite_sequence'
[0m
  [4;36;1mSQL (0.8ms)[0m   [0;1m SELECT name
 FROM sqlite_master
 WHERE type = 'table' AND NOT name = 'sqlite_sequence'
[0m
  [4;35;1mSQL (0.8ms)[0m   [0m SELECT name
 FROM sqlite_master
 WHERE type = 'table' AND NOT name = 'sqlite_sequence'
[0m
  [4;36;1mSQL (0.8ms)[0m   [0;1m SELECT name
 FROM sqlite_master
 WHERE type = 'table' AND NOT name = 'sqlite_sequence'
[0m
  [4;35;1mSQL (0.8ms)[0m   [0m SELECT name
 FROM sqlite_master
 WHERE type = 'table' AND NOT name = 'sqlite_sequence'
[0m
  [4;36;1mSQL (0.7ms)[0m   [0;1m SELECT name
 FROM sqlite_master
 WHERE type = 'table' AND NOT name = 'sqlite_sequence'
[0m
  [4;35;1mSQL (0.8ms)[0m   [0m SELECT name
 FROM sqlite_master
 WHERE type = 'table' AND NOT name = 'sqlite_sequence'
[0m
  [4;36;1mSQL (1.2ms)[0m   [0;1m SELECT name
 FROM sqlite_master
 WHERE type = 'table' AND NOT name = 'sqlite_sequence'
[0m
  [4;35;1mSQL (1.2ms)[0m   [0m SELECT name
 FROM sqlite_master
 WHERE type = 'table' AND NOT name = 'sqlite_sequence'
[0m
  [4;36;1mSQL (1.1ms)[0m   [0;1m SELECT name
 FROM sqlite_master
 WHERE type = 'table' AND NOT name = 'sqlite_sequence'
[0m
  [4;35;1mSQL (0.8ms)[0m   [0m SELECT name
 FROM sqlite_master
 WHERE type = 'table' AND NOT name = 'sqlite_sequence'
[0m
  [4;36;1mSQL (1.1ms)[0m   [0;1m SELECT name
 FROM sqlite_master
 WHERE type = 'table' AND NOT name = 'sqlite_sequence'
[0m
  [4;35;1mSQL (0.8ms)[0m   [0m SELECT name
 FROM sqlite_master
 WHERE type = 'table' AND NOT name = 'sqlite_sequence'
[0m
  [4;36;1mSQL (0.8ms)[0m   [0;1m SELECT name
 FROM sqlite_master
 WHERE type = 'table' AND NOT name = 'sqlite_sequence'
[0m
  [4;35;1mSQL (0.8ms)[0m   [0m SELECT name
 FROM sqlite_master
 WHERE type = 'table' AND NOT name = 'sqlite_sequence'
[0m
  [4;36;1mSQL (0.8ms)[0m   [0;1m SELECT name
 FROM sqlite_master
 WHERE type = 'table' AND NOT name = 'sqlite_sequence'
[0m
  [4;35;1mSQL (0.8ms)[0m   [0m SELECT name
 FROM sqlite_master
 WHERE type = 'table' AND NOT name = 'sqlite_sequence'
[0m
  [4;36;1mSQL (1.0ms)[0m   [0;1m SELECT name
 FROM sqlite_master
 WHERE type = 'table' AND NOT name = 'sqlite_sequence'
[0m
  [4;35;1mSQL (0.8ms)[0m   [0m SELECT name
 FROM sqlite_master
 WHERE type = 'table' AND NOT name = 'sqlite_sequence'
[0m
  [4;36;1mSQL (0.8ms)[0m   [0;1m SELECT name
 FROM sqlite_master
 WHERE type = 'table' AND NOT name = 'sqlite_sequence'
[0m
  [4;35;1mSQL (1.0ms)[0m   [0m SELECT name
 FROM sqlite_master
 WHERE type = 'table' AND NOT name = 'sqlite_sequence'
[0m
  [4;36;1mSQL (0.8ms)[0m   [0;1m SELECT name
 FROM sqlite_master
 WHERE type = 'table' AND NOT name = 'sqlite_sequence'
[0m
  [4;35;1mSQL (0.7ms)[0m   [0m SELECT name
 FROM sqlite_master
 WHERE type = 'table' AND NOT name = 'sqlite_sequence'
[0m
  [4;36;1mSQL (1.1ms)[0m   [0;1m SELECT name
 FROM sqlite_master
 WHERE type = 'table' AND NOT name = 'sqlite_sequence'
[0m
  [4;35;1mSQL (0.7ms)[0m   [0m SELECT name
 FROM sqlite_master
 WHERE type = 'table' AND NOT name = 'sqlite_sequence'
[0m
  [4;36;1mSQL (0.8ms)[0m   [0;1m SELECT name
 FROM sqlite_master
 WHERE type = 'table' AND NOT name = 'sqlite_sequence'
[0m
  [4;35;1mSQL (0.7ms)[0m   [0m SELECT name
 FROM sqlite_master
 WHERE type = 'table' AND NOT name = 'sqlite_sequence'
[0m
  [4;36;1mSQL (0.8ms)[0m   [0;1m SELECT name
 FROM sqlite_master
 WHERE type = 'table' AND NOT name = 'sqlite_sequence'
[0m
  [4;35;1mSQL (0.8ms)[0m   [0m SELECT name
 FROM sqlite_master
 WHERE type = 'table' AND NOT name = 'sqlite_sequence'
[0m
  [4;36;1mSQL (1.0ms)[0m   [0;1m SELECT name
 FROM sqlite_master
 WHERE type = 'table' AND NOT name = 'sqlite_sequence'
[0m
  [4;35;1mSQL (1.2ms)[0m   [0m SELECT name
 FROM sqlite_master
 WHERE type = 'table' AND NOT name = 'sqlite_sequence'
[0m
  [4;36;1mSQL (5.8ms)[0m   [0;1m SELECT name
 FROM sqlite_master
 WHERE type = 'table' AND NOT name = 'sqlite_sequence'
[0m
  [4;35;1mSQL (1.2ms)[0m   [0m SELECT name
 FROM sqlite_master
 WHERE type = 'table' AND NOT name = 'sqlite_sequence'
[0m
  [4;36;1mSQL (1.2ms)[0m   [0;1m SELECT name
 FROM sqlite_master
 WHERE type = 'table' AND NOT name = 'sqlite_sequence'
[0m
  [4;35;1mSQL (1.2ms)[0m   [0m SELECT name
 FROM sqlite_master
 WHERE type = 'table' AND NOT name = 'sqlite_sequence'
[0m
  [4;36;1mSQL (0.8ms)[0m   [0;1m SELECT name
 FROM sqlite_master
 WHERE type = 'table' AND NOT name = 'sqlite_sequence'
[0m
  [4;35;1mSQL (0.8ms)[0m   [0m SELECT name
 FROM sqlite_master
 WHERE type = 'table' AND NOT name = 'sqlite_sequence'
[0m
  [4;36;1mSQL (0.9ms)[0m   [0;1m SELECT name
 FROM sqlite_master
 WHERE type = 'table' AND NOT name = 'sqlite_sequence'
[0m
  [4;35;1mSQL (0.8ms)[0m   [0m SELECT name
 FROM sqlite_master
 WHERE type = 'table' AND NOT name = 'sqlite_sequence'
[0m
  [4;36;1mSQL (0.8ms)[0m   [0;1m SELECT name
 FROM sqlite_master
 WHERE type = 'table' AND NOT name = 'sqlite_sequence'
[0m
  [4;35;1mSQL (0.8ms)[0m   [0m SELECT name
 FROM sqlite_master
 WHERE type = 'table' AND NOT name = 'sqlite_sequence'
[0m
  [4;36;1mSQL (0.7ms)[0m   [0;1m SELECT name
 FROM sqlite_master
 WHERE type = 'table' AND NOT name = 'sqlite_sequence'
[0m
  [4;35;1mSQL (0.8ms)[0m   [0m SELECT name
 FROM sqlite_master
 WHERE type = 'table' AND NOT name = 'sqlite_sequence'
[0m
  [4;36;1mSQL (0.8ms)[0m   [0;1m SELECT name
 FROM sqlite_master
 WHERE type = 'table' AND NOT name = 'sqlite_sequence'
[0m
  [4;35;1mSQL (0.8ms)[0m   [0m SELECT name
 FROM sqlite_master
 WHERE type = 'table' AND NOT name = 'sqlite_sequence'
[0m
  [4;36;1mSQL (0.8ms)[0m   [0;1m SELECT name
 FROM sqlite_master
 WHERE type = 'table' AND NOT name = 'sqlite_sequence'
[0m
  [4;35;1mSQL (0.8ms)[0m   [0m SELECT name
 FROM sqlite_master
 WHERE type = 'table' AND NOT name = 'sqlite_sequence'
[0m

NameError (undefined local variable or method `params' for #<ActiveScaffold::Config::Core:0x7f13ad22d798>):
  app/controllers/posts_controller.rb:19:in `create'
  /usr/lib/ruby/1.8/webrick/httpserver.rb:104:in `service'
  /usr/lib/ruby/1.8/webrick/httpserver.rb:65:in `run'
  /usr/lib/ruby/1.8/webrick/server.rb:173:in `start_thread'
  /usr/lib/ruby/1.8/webrick/server.rb:162:in `start'
  /usr/lib/ruby/1.8/webrick/server.rb:162:in `start_thread'
  /usr/lib/ruby/1.8/webrick/server.rb:95:in `start'
  /usr/lib/ruby/1.8/webrick/server.rb:92:in `each'
  /usr/lib/ruby/1.8/webrick/server.rb:92:in `start'
  /usr/lib/ruby/1.8/webrick/server.rb:23:in `start'
  /usr/lib/ruby/1.8/webrick/server.rb:82:in `start'

Rendered rescues/_trace (268.3ms)
Rendered rescues/_request_and_response (1.0ms)
Rendering rescues/layout (internal_server_error)


Processing ActionController::Base#index (for 127.0.0.1 at 2010-03-11 12:19:11) [GET]
  [4;36;1mSQL (0.9ms)[0m   [0;1m SELECT name
 FROM sqlite_master
 WHERE type = 'table' AND NOT name = 'sqlite_sequence'
[0m
  [4;35;1mSQL (0.8ms)[0m   [0m SELECT name
 FROM sqlite_master
 WHERE type = 'table' AND NOT name = 'sqlite_sequence'
[0m
  [4;36;1mSQL (1.2ms)[0m   [0;1m SELECT name
 FROM sqlite_master
 WHERE type = 'table' AND NOT name = 'sqlite_sequence'
[0m
  [4;35;1mSQL (1.2ms)[0m   [0m SELECT name
 FROM sqlite_master
 WHERE type = 'table' AND NOT name = 'sqlite_sequence'
[0m
  [4;36;1mSQL (1.3ms)[0m   [0;1m SELECT name
 FROM sqlite_master
 WHERE type = 'table' AND NOT name = 'sqlite_sequence'
[0m
  [4;35;1mSQL (0.8ms)[0m   [0m SELECT name
 FROM sqlite_master
 WHERE type = 'table' AND NOT name = 'sqlite_sequence'
[0m
  [4;36;1mSQL (0.9ms)[0m   [0;1m SELECT name
 FROM sqlite_master
 WHERE type = 'table' AND NOT name = 'sqlite_sequence'
[0m

NameError (undefined local variable or method `params' for #<ActiveScaffold::Config::Core:0x7f13ad3fa1c0>):
  app/controllers/posts_controller.rb:19:in `create'
  app/controllers/application_controller.rb:7
  app/controllers/posts_controller.rb:1
  /usr/lib/ruby/1.8/webrick/httpserver.rb:104:in `service'
  /usr/lib/ruby/1.8/webrick/httpserver.rb:65:in `run'
  /usr/lib/ruby/1.8/webrick/server.rb:173:in `start_thread'
  /usr/lib/ruby/1.8/webrick/server.rb:162:in `start'
  /usr/lib/ruby/1.8/webrick/server.rb:162:in `start_thread'
  /usr/lib/ruby/1.8/webrick/server.rb:95:in `start'
  /usr/lib/ruby/1.8/webrick/server.rb:92:in `each'
  /usr/lib/ruby/1.8/webrick/server.rb:92:in `start'
  /usr/lib/ruby/1.8/webrick/server.rb:23:in `start'
  /usr/lib/ruby/1.8/webrick/server.rb:82:in `start'

Rendered rescues/_trace (175.5ms)
Rendered rescues/_request_and_response (1.5ms)
Rendering rescues/layout (internal_server_error)


Processing ActionController::Base#index (for 127.0.0.1 at 2010-03-11 12:20:18) [GET]
  [4;35;1mSQL (1.2ms)[0m   [0m SELECT name
 FROM sqlite_master
 WHERE type = 'table' AND NOT name = 'sqlite_sequence'
[0m
  [4;36;1mSQL (0.8ms)[0m   [0;1m SELECT name
 FROM sqlite_master
 WHERE type = 'table' AND NOT name = 'sqlite_sequence'
[0m
  [4;35;1mSQL (0.9ms)[0m   [0m SELECT name
 FROM sqlite_master
 WHERE type = 'table' AND NOT name = 'sqlite_sequence'
[0m
  [4;36;1mSQL (0.8ms)[0m   [0;1m SELECT name
 FROM sqlite_master
 WHERE type = 'table' AND NOT name = 'sqlite_sequence'
[0m
  [4;35;1mSQL (0.8ms)[0m   [0m SELECT name
 FROM sqlite_master
 WHERE type = 'table' AND NOT name = 'sqlite_sequence'
[0m
  [4;36;1mSQL (0.8ms)[0m   [0;1m SELECT name
 FROM sqlite_master
 WHERE type = 'table' AND NOT name = 'sqlite_sequence'
[0m
  [4;35;1mSQL (0.8ms)[0m   [0m SELECT name
 FROM sqlite_master
 WHERE type = 'table' AND NOT name = 'sqlite_sequence'
[0m

NameError (undefined local variable or method `params' for #<ActiveScaffold::Config::Core:0x7f13ad0bfa78>):
  app/controllers/posts_controller.rb:19:in `create'
  app/controllers/application_controller.rb:7
  app/controllers/posts_controller.rb:1
  /usr/lib/ruby/1.8/webrick/httpserver.rb:104:in `service'
  /usr/lib/ruby/1.8/webrick/httpserver.rb:65:in `run'
  /usr/lib/ruby/1.8/webrick/server.rb:173:in `start_thread'
  /usr/lib/ruby/1.8/webrick/server.rb:162:in `start'
  /usr/lib/ruby/1.8/webrick/server.rb:162:in `start_thread'
  /usr/lib/ruby/1.8/webrick/server.rb:95:in `start'
  /usr/lib/ruby/1.8/webrick/server.rb:92:in `each'
  /usr/lib/ruby/1.8/webrick/server.rb:92:in `start'
  /usr/lib/ruby/1.8/webrick/server.rb:23:in `start'
  /usr/lib/ruby/1.8/webrick/server.rb:82:in `start'

Rendered rescues/_trace (296.1ms)
Rendered rescues/_request_and_response (1.0ms)
Rendering rescues/layout (internal_server_error)


Processing ActionController::Base#index (for 127.0.0.1 at 2010-03-11 12:20:20) [GET]
  [4;36;1mSQL (0.9ms)[0m   [0;1m SELECT name
 FROM sqlite_master
 WHERE type = 'table' AND NOT name = 'sqlite_sequence'
[0m
  [4;35;1mSQL (0.9ms)[0m   [0m SELECT name
 FROM sqlite_master
 WHERE type = 'table' AND NOT name = 'sqlite_sequence'
[0m
  [4;36;1mSQL (0.8ms)[0m   [0;1m SELECT name
 FROM sqlite_master
 WHERE type = 'table' AND NOT name = 'sqlite_sequence'
[0m
  [4;35;1mSQL (0.8ms)[0m   [0m SELECT name
 FROM sqlite_master
 WHERE type = 'table' AND NOT name = 'sqlite_sequence'
[0m
  [4;36;1mSQL (0.8ms)[0m   [0;1m SELECT name
 FROM sqlite_master
 WHERE type = 'table' AND NOT name = 'sqlite_sequence'
[0m
  [4;35;1mSQL (0.8ms)[0m   [0m SELECT name
 FROM sqlite_master
 WHERE type = 'table' AND NOT name = 'sqlite_sequence'
[0m
  [4;36;1mSQL (0.9ms)[0m   [0;1m SELECT name
 FROM sqlite_master
 WHERE type = 'table' AND NOT name = 'sqlite_sequence'
[0m

NameError (undefined local variable or method `params' for #<ActiveScaffold::Config::Core:0x7f13ad39f220>):
  app/controllers/posts_controller.rb:19:in `create'
  app/controllers/application_controller.rb:7
  app/controllers/posts_controller.rb:1
  /usr/lib/ruby/1.8/webrick/httpserver.rb:104:in `service'
  /usr/lib/ruby/1.8/webrick/httpserver.rb:65:in `run'
  /usr/lib/ruby/1.8/webrick/server.rb:173:in `start_thread'
  /usr/lib/ruby/1.8/webrick/server.rb:162:in `start'
  /usr/lib/ruby/1.8/webrick/server.rb:162:in `start_thread'
  /usr/lib/ruby/1.8/webrick/server.rb:95:in `start'
  /usr/lib/ruby/1.8/webrick/server.rb:92:in `each'
  /usr/lib/ruby/1.8/webrick/server.rb:92:in `start'
  /usr/lib/ruby/1.8/webrick/server.rb:23:in `start'
  /usr/lib/ruby/1.8/webrick/server.rb:82:in `start'

Rendered rescues/_trace (152.9ms)
Rendered rescues/_request_and_response (1.0ms)
Rendering rescues/layout (internal_server_error)


Processing ActionController::Base#index (for 127.0.0.1 at 2010-03-11 12:20:21) [GET]
  [4;35;1mSQL (0.8ms)[0m   [0m SELECT name
 FROM sqlite_master
 WHERE type = 'table' AND NOT name = 'sqlite_sequence'
[0m
  [4;36;1mSQL (0.7ms)[0m   [0;1m SELECT name
 FROM sqlite_master
 WHERE type = 'table' AND NOT name = 'sqlite_sequence'
[0m
  [4;35;1mSQL (0.7ms)[0m   [0m SELECT name
 FROM sqlite_master
 WHERE type = 'table' AND NOT name = 'sqlite_sequence'
[0m
  [4;36;1mSQL (0.8ms)[0m   [0;1m SELECT name
 FROM sqlite_master
 WHERE type = 'table' AND NOT name = 'sqlite_sequence'
[0m
  [4;35;1mSQL (0.7ms)[0m   [0m SELECT name
 FROM sqlite_master
 WHERE type = 'table' AND NOT name = 'sqlite_sequence'
[0m
  [4;36;1mSQL (0.8ms)[0m   [0;1m SELECT name
 FROM sqlite_master
 WHERE type = 'table' AND NOT name = 'sqlite_sequence'
[0m
  [4;35;1mSQL (0.8ms)[0m   [0m SELECT name
 FROM sqlite_master
 WHERE type = 'table' AND NOT name = 'sqlite_sequence'
[0m

NameError (undefined local variable or method `params' for #<ActiveScaffold::Config::Core:0x7f13ad07e5c8>):
  app/controllers/posts_controller.rb:19:in `create'
  app/controllers/application_controller.rb:7
  app/controllers/posts_controller.rb:1
  /usr/lib/ruby/1.8/webrick/httpserver.rb:104:in `service'
  /usr/lib/ruby/1.8/webrick/httpserver.rb:65:in `run'
  /usr/lib/ruby/1.8/webrick/server.rb:173:in `start_thread'
  /usr/lib/ruby/1.8/webrick/server.rb:162:in `start'
  /usr/lib/ruby/1.8/webrick/server.rb:162:in `start_thread'
  /usr/lib/ruby/1.8/webrick/server.rb:95:in `start'
  /usr/lib/ruby/1.8/webrick/server.rb:92:in `each'
  /usr/lib/ruby/1.8/webrick/server.rb:92:in `start'
  /usr/lib/ruby/1.8/webrick/server.rb:23:in `start'
  /usr/lib/ruby/1.8/webrick/server.rb:82:in `start'

Rendered rescues/_trace (285.7ms)
Rendered rescues/_request_and_response (1.6ms)
Rendering rescues/layout (internal_server_error)


Processing ActionController::Base#index (for 127.0.0.1 at 2010-03-11 12:20:23) [GET]
  [4;36;1mSQL (0.9ms)[0m   [0;1m SELECT name
 FROM sqlite_master
 WHERE type = 'table' AND NOT name = 'sqlite_sequence'
[0m
  [4;35;1mSQL (0.8ms)[0m   [0m SELECT name
 FROM sqlite_master
 WHERE type = 'table' AND NOT name = 'sqlite_sequence'
[0m
  [4;36;1mSQL (0.8ms)[0m   [0;1m SELECT name
 FROM sqlite_master
 WHERE type = 'table' AND NOT name = 'sqlite_sequence'
[0m
  [4;35;1mSQL (0.8ms)[0m   [0m SELECT name
 FROM sqlite_master
 WHERE type = 'table' AND NOT name = 'sqlite_sequence'
[0m
  [4;36;1mSQL (0.8ms)[0m   [0;1m SELECT name
 FROM sqlite_master
 WHERE type = 'table' AND NOT name = 'sqlite_sequence'
[0m
  [4;35;1mSQL (0.8ms)[0m   [0m SELECT name
 FROM sqlite_master
 WHERE type = 'table' AND NOT name = 'sqlite_sequence'
[0m
  [4;36;1mSQL (0.8ms)[0m   [0;1m SELECT name
 FROM sqlite_master
 WHERE type = 'table' AND NOT name = 'sqlite_sequence'
[0m

NameError (undefined local variable or method `params' for #<ActiveScaffold::Config::Core:0x7f13ad359608>):
  app/controllers/posts_controller.rb:19:in `create'
  app/controllers/application_controller.rb:7
  app/controllers/posts_controller.rb:1
  /usr/lib/ruby/1.8/webrick/httpserver.rb:104:in `service'
  /usr/lib/ruby/1.8/webrick/httpserver.rb:65:in `run'
  /usr/lib/ruby/1.8/webrick/server.rb:173:in `start_thread'
  /usr/lib/ruby/1.8/webrick/server.rb:162:in `start'
  /usr/lib/ruby/1.8/webrick/server.rb:162:in `start_thread'
  /usr/lib/ruby/1.8/webrick/server.rb:95:in `start'
  /usr/lib/ruby/1.8/webrick/server.rb:92:in `each'
  /usr/lib/ruby/1.8/webrick/server.rb:92:in `start'
  /usr/lib/ruby/1.8/webrick/server.rb:23:in `start'
  /usr/lib/ruby/1.8/webrick/server.rb:82:in `start'

Rendered rescues/_trace (153.7ms)
Rendered rescues/_request_and_response (0.9ms)
Rendering rescues/layout (internal_server_error)


Processing ActionController::Base#index (for 127.0.0.1 at 2010-03-11 12:20:38) [GET]
  [4;35;1mSQL (0.8ms)[0m   [0m SELECT name
 FROM sqlite_master
 WHERE type = 'table' AND NOT name = 'sqlite_sequence'
[0m
  [4;36;1mSQL (0.8ms)[0m   [0;1m SELECT name
 FROM sqlite_master
 WHERE type = 'table' AND NOT name = 'sqlite_sequence'
[0m
  [4;35;1mSQL (0.8ms)[0m   [0m SELECT name
 FROM sqlite_master
 WHERE type = 'table' AND NOT name = 'sqlite_sequence'
[0m
  [4;36;1mSQL (0.7ms)[0m   [0;1m SELECT name
 FROM sqlite_master
 WHERE type = 'table' AND NOT name = 'sqlite_sequence'
[0m
  [4;35;1mSQL (0.8ms)[0m   [0m SELECT name
 FROM sqlite_master
 WHERE type = 'table' AND NOT name = 'sqlite_sequence'
[0m
  [4;36;1mSQL (0.8ms)[0m   [0;1m SELECT name
 FROM sqlite_master
 WHERE type = 'table' AND NOT name = 'sqlite_sequence'
[0m
  [4;35;1mSQL (1.2ms)[0m   [0m SELECT name
 FROM sqlite_master
 WHERE type = 'table' AND NOT name = 'sqlite_sequence'
[0m

NameError (undefined local variable or method `params' for #<ActiveScaffold::Config::Core:0x7f13ad054070>):
  app/controllers/posts_controller.rb:19:in `create'
  app/controllers/application_controller.rb:7
  app/controllers/posts_controller.rb:1
  /usr/lib/ruby/1.8/webrick/httpserver.rb:104:in `service'
  /usr/lib/ruby/1.8/webrick/httpserver.rb:65:in `run'
  /usr/lib/ruby/1.8/webrick/server.rb:173:in `start_thread'
  /usr/lib/ruby/1.8/webrick/server.rb:162:in `start'
  /usr/lib/ruby/1.8/webrick/server.rb:162:in `start_thread'
  /usr/lib/ruby/1.8/webrick/server.rb:95:in `start'
  /usr/lib/ruby/1.8/webrick/server.rb:92:in `each'
  /usr/lib/ruby/1.8/webrick/server.rb:92:in `start'
  /usr/lib/ruby/1.8/webrick/server.rb:23:in `start'
  /usr/lib/ruby/1.8/webrick/server.rb:82:in `start'

Rendered rescues/_trace (289.0ms)
Rendered rescues/_request_and_response (1.1ms)
Rendering rescues/layout (internal_server_error)


Processing ActionController::Base#index (for 127.0.0.1 at 2010-03-11 12:20:39) [GET]
  [4;36;1mSQL (0.8ms)[0m   [0;1m SELECT name
 FROM sqlite_master
 WHERE type = 'table' AND NOT name = 'sqlite_sequence'
[0m
  [4;35;1mSQL (0.8ms)[0m   [0m SELECT name
 FROM sqlite_master
 WHERE type = 'table' AND NOT name = 'sqlite_sequence'
[0m
  [4;36;1mSQL (0.8ms)[0m   [0;1m SELECT name
 FROM sqlite_master
 WHERE type = 'table' AND NOT name = 'sqlite_sequence'
[0m
  [4;35;1mSQL (1.0ms)[0m   [0m SELECT name
 FROM sqlite_master
 WHERE type = 'table' AND NOT name = 'sqlite_sequence'
[0m
  [4;36;1mSQL (0.8ms)[0m   [0;1m SELECT name
 FROM sqlite_master
 WHERE type = 'table' AND NOT name = 'sqlite_sequence'
[0m
  [4;35;1mSQL (0.8ms)[0m   [0m SELECT name
 FROM sqlite_master
 WHERE type = 'table' AND NOT name = 'sqlite_sequence'
[0m
  [4;36;1mSQL (1.2ms)[0m   [0;1m SELECT name
 FROM sqlite_master
 WHERE type = 'table' AND NOT name = 'sqlite_sequence'
[0m

NameError (undefined local variable or method `params' for #<ActiveScaffold::Config::Core:0x7f13ad3184c8>):
  app/controllers/posts_controller.rb:19:in `create'
  app/controllers/application_controller.rb:7
  app/controllers/posts_controller.rb:1
  /usr/lib/ruby/1.8/webrick/httpserver.rb:104:in `service'
  /usr/lib/ruby/1.8/webrick/httpserver.rb:65:in `run'
  /usr/lib/ruby/1.8/webrick/server.rb:173:in `start_thread'
  /usr/lib/ruby/1.8/webrick/server.rb:162:in `start'
  /usr/lib/ruby/1.8/webrick/server.rb:162:in `start_thread'
  /usr/lib/ruby/1.8/webrick/server.rb:95:in `start'
  /usr/lib/ruby/1.8/webrick/server.rb:92:in `each'
  /usr/lib/ruby/1.8/webrick/server.rb:92:in `start'
  /usr/lib/ruby/1.8/webrick/server.rb:23:in `start'
  /usr/lib/ruby/1.8/webrick/server.rb:82:in `start'

Rendered rescues/_trace (151.6ms)
Rendered rescues/_request_and_response (1.1ms)
Rendering rescues/layout (internal_server_error)


Processing ActionController::Base#index (for 127.0.0.1 at 2010-03-11 12:20:53) [GET]
  [4;35;1mSQL (1.1ms)[0m   [0m SELECT name
 FROM sqlite_master
 WHERE type = 'table' AND NOT name = 'sqlite_sequence'
[0m
  [4;36;1mSQL (0.9ms)[0m   [0;1m SELECT name
 FROM sqlite_master
 WHERE type = 'table' AND NOT name = 'sqlite_sequence'
[0m
  [4;35;1mSQL (0.8ms)[0m   [0m SELECT name
 FROM sqlite_master
 WHERE type = 'table' AND NOT name = 'sqlite_sequence'
[0m
  [4;36;1mSQL (0.7ms)[0m   [0;1m SELECT name
 FROM sqlite_master
 WHERE type = 'table' AND NOT name = 'sqlite_sequence'
[0m
  [4;35;1mSQL (0.7ms)[0m   [0m SELECT name
 FROM sqlite_master
 WHERE type = 'table' AND NOT name = 'sqlite_sequence'
[0m
  [4;36;1mSQL (0.8ms)[0m   [0;1m SELECT name
 FROM sqlite_master
 WHERE type = 'table' AND NOT name = 'sqlite_sequence'
[0m
  [4;35;1mSQL (0.8ms)[0m   [0m SELECT name
 FROM sqlite_master
 WHERE type = 'table' AND NOT name = 'sqlite_sequence'
[0m

NameError (undefined local variable or method `params' for #<ActiveScaffold::Config::Core:0x7f13ad02db28>):
  app/controllers/posts_controller.rb:19:in `create'
  app/controllers/application_controller.rb:7
  app/controllers/posts_controller.rb:1
  /usr/lib/ruby/1.8/webrick/httpserver.rb:104:in `service'
  /usr/lib/ruby/1.8/webrick/httpserver.rb:65:in `run'
  /usr/lib/ruby/1.8/webrick/server.rb:173:in `start_thread'
  /usr/lib/ruby/1.8/webrick/server.rb:162:in `start'
  /usr/lib/ruby/1.8/webrick/server.rb:162:in `start_thread'
  /usr/lib/ruby/1.8/webrick/server.rb:95:in `start'
  /usr/lib/ruby/1.8/webrick/server.rb:92:in `each'
  /usr/lib/ruby/1.8/webrick/server.rb:92:in `start'
  /usr/lib/ruby/1.8/webrick/server.rb:23:in `start'
  /usr/lib/ruby/1.8/webrick/server.rb:82:in `start'

Rendered rescues/_trace (291.5ms)
Rendered rescues/_request_and_response (1.0ms)
Rendering rescues/layout (internal_server_error)


Processing ActionController::Base#index (for 127.0.0.1 at 2010-03-11 12:21:31) [GET]

SyntaxError (/home/imperator/projects/adah_blog/app/controllers/posts_controller.rb:5: syntax error, unexpected $end, expecting kEND):
  /usr/lib/ruby/1.8/webrick/httpserver.rb:104:in `service'
  /usr/lib/ruby/1.8/webrick/httpserver.rb:65:in `run'
  /usr/lib/ruby/1.8/webrick/server.rb:173:in `start_thread'
  /usr/lib/ruby/1.8/webrick/server.rb:162:in `start'
  /usr/lib/ruby/1.8/webrick/server.rb:162:in `start_thread'
  /usr/lib/ruby/1.8/webrick/server.rb:95:in `start'
  /usr/lib/ruby/1.8/webrick/server.rb:92:in `each'
  /usr/lib/ruby/1.8/webrick/server.rb:92:in `start'
  /usr/lib/ruby/1.8/webrick/server.rb:23:in `start'
  /usr/lib/ruby/1.8/webrick/server.rb:82:in `start'

Rendered rescues/_trace (120.5ms)
Rendered rescues/_request_and_response (0.9ms)
Rendering rescues/layout (internal_server_error)


Processing ActionController::Base#index (for 127.0.0.1 at 2010-03-11 12:21:33) [GET]

SyntaxError (/home/imperator/projects/adah_blog/app/controllers/posts_controller.rb:5: syntax error, unexpected $end, expecting kEND):
  /usr/lib/ruby/1.8/webrick/httpserver.rb:104:in `service'
  /usr/lib/ruby/1.8/webrick/httpserver.rb:65:in `run'
  /usr/lib/ruby/1.8/webrick/server.rb:173:in `start_thread'
  /usr/lib/ruby/1.8/webrick/server.rb:162:in `start'
  /usr/lib/ruby/1.8/webrick/server.rb:162:in `start_thread'
  /usr/lib/ruby/1.8/webrick/server.rb:95:in `start'
  /usr/lib/ruby/1.8/webrick/server.rb:92:in `each'
  /usr/lib/ruby/1.8/webrick/server.rb:92:in `start'
  /usr/lib/ruby/1.8/webrick/server.rb:23:in `start'
  /usr/lib/ruby/1.8/webrick/server.rb:82:in `start'

Rendered rescues/_trace (264.3ms)
Rendered rescues/_request_and_response (1.7ms)
Rendering rescues/layout (internal_server_error)


Processing ActionController::Base#index (for 127.0.0.1 at 2010-03-11 12:21:42) [GET]
  [4;36;1mSQL (1.1ms)[0m   [0;1m SELECT name
 FROM sqlite_master
 WHERE type = 'table' AND NOT name = 'sqlite_sequence'
[0m
  [4;35;1mSQL (0.9ms)[0m   [0m SELECT name
 FROM sqlite_master
 WHERE type = 'table' AND NOT name = 'sqlite_sequence'
[0m
  [4;36;1mSQL (0.8ms)[0m   [0;1m SELECT name
 FROM sqlite_master
 WHERE type = 'table' AND NOT name = 'sqlite_sequence'
[0m
  [4;35;1mSQL (0.8ms)[0m   [0m SELECT name
 FROM sqlite_master
 WHERE type = 'table' AND NOT name = 'sqlite_sequence'
[0m
  [4;36;1mSQL (0.8ms)[0m   [0;1m SELECT name
 FROM sqlite_master
 WHERE type = 'table' AND NOT name = 'sqlite_sequence'
[0m
  [4;35;1mSQL (0.9ms)[0m   [0m SELECT name
 FROM sqlite_master
 WHERE type = 'table' AND NOT name = 'sqlite_sequence'
[0m
  [4;36;1mSQL (1.0ms)[0m   [0;1m SELECT name
 FROM sqlite_master
 WHERE type = 'table' AND NOT name = 'sqlite_sequence'
[0m

NameError (undefined local variable or method `params' for #<ActiveScaffold::Config::Core:0x7f13ad459990>):
  app/controllers/posts_controller.rb:19:in `create'
  app/controllers/application_controller.rb:7
  app/controllers/posts_controller.rb:1
  /usr/lib/ruby/1.8/webrick/httpserver.rb:104:in `service'
  /usr/lib/ruby/1.8/webrick/httpserver.rb:65:in `run'
  /usr/lib/ruby/1.8/webrick/server.rb:173:in `start_thread'
  /usr/lib/ruby/1.8/webrick/server.rb:162:in `start'
  /usr/lib/ruby/1.8/webrick/server.rb:162:in `start_thread'
  /usr/lib/ruby/1.8/webrick/server.rb:95:in `start'
  /usr/lib/ruby/1.8/webrick/server.rb:92:in `each'
  /usr/lib/ruby/1.8/webrick/server.rb:92:in `start'
  /usr/lib/ruby/1.8/webrick/server.rb:23:in `start'
  /usr/lib/ruby/1.8/webrick/server.rb:82:in `start'

Rendered rescues/_trace (162.2ms)
Rendered rescues/_request_and_response (1.5ms)
Rendering rescues/layout (internal_server_error)


Processing ActionController::Base#index (for 127.0.0.1 at 2010-03-11 12:21:43) [GET]
  [4;35;1mSQL (1.0ms)[0m   [0m SELECT name
 FROM sqlite_master
 WHERE type = 'table' AND NOT name = 'sqlite_sequence'
[0m
  [4;36;1mSQL (0.9ms)[0m   [0;1m SELECT name
 FROM sqlite_master
 WHERE type = 'table' AND NOT name = 'sqlite_sequence'
[0m
  [4;35;1mSQL (1.2ms)[0m   [0m SELECT name
 FROM sqlite_master
 WHERE type = 'table' AND NOT name = 'sqlite_sequence'
[0m
  [4;36;1mSQL (0.8ms)[0m   [0;1m SELECT name
 FROM sqlite_master
 WHERE type = 'table' AND NOT name = 'sqlite_sequence'
[0m
  [4;35;1mSQL (0.7ms)[0m   [0m SELECT name
 FROM sqlite_master
 WHERE type = 'table' AND NOT name = 'sqlite_sequence'
[0m
  [4;36;1mSQL (1.1ms)[0m   [0;1m SELECT name
 FROM sqlite_master
 WHERE type = 'table' AND NOT name = 'sqlite_sequence'
[0m
  [4;35;1mSQL (0.9ms)[0m   [0m SELECT name
 FROM sqlite_master
 WHERE type = 'table' AND NOT name = 'sqlite_sequence'
[0m

NameError (undefined local variable or method `params' for #<ActiveScaffold::Config::Core:0x7f13ad155a28>):
  app/controllers/posts_controller.rb:19:in `create'
  app/controllers/application_controller.rb:7
  app/controllers/posts_controller.rb:1
  /usr/lib/ruby/1.8/webrick/httpserver.rb:104:in `service'
  /usr/lib/ruby/1.8/webrick/httpserver.rb:65:in `run'
  /usr/lib/ruby/1.8/webrick/server.rb:173:in `start_thread'
  /usr/lib/ruby/1.8/webrick/server.rb:162:in `start'
  /usr/lib/ruby/1.8/webrick/server.rb:162:in `start_thread'
  /usr/lib/ruby/1.8/webrick/server.rb:95:in `start'
  /usr/lib/ruby/1.8/webrick/server.rb:92:in `each'
  /usr/lib/ruby/1.8/webrick/server.rb:92:in `start'
  /usr/lib/ruby/1.8/webrick/server.rb:23:in `start'
  /usr/lib/ruby/1.8/webrick/server.rb:82:in `start'

Rendered rescues/_trace (293.8ms)
Rendered rescues/_request_and_response (1.1ms)
Rendering rescues/layout (internal_server_error)


Processing ActionController::Base#index (for 127.0.0.1 at 2010-03-11 12:21:46) [GET]
  [4;36;1mSQL (1.0ms)[0m   [0;1m SELECT name
 FROM sqlite_master
 WHERE type = 'table' AND NOT name = 'sqlite_sequence'
[0m
  [4;35;1mSQL (0.9ms)[0m   [0m SELECT name
 FROM sqlite_master
 WHERE type = 'table' AND NOT name = 'sqlite_sequence'
[0m
  [4;36;1mSQL (1.3ms)[0m   [0;1m SELECT name
 FROM sqlite_master
 WHERE type = 'table' AND NOT name = 'sqlite_sequence'
[0m
  [4;35;1mSQL (1.3ms)[0m   [0m SELECT name
 FROM sqlite_master
 WHERE type = 'table' AND NOT name = 'sqlite_sequence'
[0m
  [4;36;1mSQL (0.9ms)[0m   [0;1m SELECT name
 FROM sqlite_master
 WHERE type = 'table' AND NOT name = 'sqlite_sequence'
[0m
  [4;35;1mSQL (0.8ms)[0m   [0m SELECT name
 FROM sqlite_master
 WHERE type = 'table' AND NOT name = 'sqlite_sequence'
[0m
  [4;36;1mSQL (0.8ms)[0m   [0;1m SELECT name
 FROM sqlite_master
 WHERE type = 'table' AND NOT name = 'sqlite_sequence'
[0m

NameError (undefined local variable or method `params' for #<ActiveScaffold::Config::Core:0x7f13ad429560>):
  app/controllers/posts_controller.rb:19:in `create'
  app/controllers/application_controller.rb:7
  app/controllers/posts_controller.rb:1
  /usr/lib/ruby/1.8/webrick/httpserver.rb:104:in `service'
  /usr/lib/ruby/1.8/webrick/httpserver.rb:65:in `run'
  /usr/lib/ruby/1.8/webrick/server.rb:173:in `start_thread'
  /usr/lib/ruby/1.8/webrick/server.rb:162:in `start'
  /usr/lib/ruby/1.8/webrick/server.rb:162:in `start_thread'
  /usr/lib/ruby/1.8/webrick/server.rb:95:in `start'
  /usr/lib/ruby/1.8/webrick/server.rb:92:in `each'
  /usr/lib/ruby/1.8/webrick/server.rb:92:in `start'
  /usr/lib/ruby/1.8/webrick/server.rb:23:in `start'
  /usr/lib/ruby/1.8/webrick/server.rb:82:in `start'

Rendered rescues/_trace (158.8ms)
Rendered rescues/_request_and_response (1.2ms)
Rendering rescues/layout (internal_server_error)


Processing PostsController#index (for 127.0.0.1 at 2010-03-11 12:29:13) [GET]
  [4;36;1mPost Load (0.5ms)[0m   [0;1mSELECT * FROM "posts" [0m
Rendering posts/index
Completed in 95ms (View: 82, DB: 0) | 200 OK [http://localhost/posts]


Processing PostsController#new (for 127.0.0.1 at 2010-03-11 12:29:15) [GET]
Rendering posts/new
Rendered posts/_form (16.7ms)
Completed in 74ms (View: 56, DB: 0) | 200 OK [http://localhost/posts/new]


Processing PostsController#index (for 127.0.0.1 at 2010-03-11 12:30:08) [GET]
  [4;35;1mPost Load (0.5ms)[0m   [0mSELECT * FROM "posts" [0m
Rendering template within layouts/application
Rendering posts/index
Completed in 170ms (View: 158, DB: 0) | 200 OK [http://localhost/posts]
